{
  "RSpec": {
    "coverage": {
      "/home/tomek/Pulpit/ruby/ruby/lib/det_mnozenie.rb": [
        null,
        1,
        null,
        4,
        4,
        4,
        4,
        4,
        4,
        4,
        18,
        18,
        18,
        18,
        18,
        null,
        68,
        68,
        68,
        68,
        68,
        18,
        18,
        null,
        null,
        18,
        10,
        10,
        10,
        10,
        null,
        18,
        null,
        null,
        4,
        4,
        4,
        4,
        18,
        18,
        18,
        10,
        10,
        null,
        null,
        18,
        null,
        4,
        null
      ],
      "/home/tomek/Pulpit/ruby/ruby/spec/test_sortowanie_spec.rb": [
        1,
        1,
        1,
        null,
        null,
        1,
        1,
        1,
        null,
        null
      ],
      "/home/tomek/Pulpit/ruby/ruby/lib/def_sort.rb": [
        1,
        null,
        1,
        4,
        16,
        4,
        4,
        4,
        null,
        null,
        null,
        null,
        1,
        1,
        null,
        1,
        1,
        1,
        null,
        null,
        0,
        0,
        null,
        1,
        1,
        5,
        null,
        null,
        1,
        1,
        1,
        null
      ]
    },
    "timestamp": 1414679605
  }
}
